[debug] > Exec(early(addDefaultCommands), None, None)
[debug] > Exec(addDefaultCommands, None, None)
[debug] > Exec(early(initialize), None, None)
[debug] > Exec(initialize, None, None)
[debug] > Exec(boot, None, None)
[debug] > Exec(writeSbtVersion, None, None)
[debug] > Exec(reload, None, None)
[debug] > Exec(sbtStashOnFailure, None, None)
[debug] > Exec(onFailure loadFailed, None, None)
[debug] > Exec(loadp, None, None)
[info] welcome to sbt 1.8.0 (Oracle Corporation Java 19.0.2)
[debug] Load.defaultLoad until apply took 232.7002ms
[debug]           Load.loadUnit: plugins took 166.3713ms
[debug]           Load.loadUnit: defsScala took 0.9224ms
[debug] [Loading] Scanning directory C:\Users\acer\OneDrive\Рабочий стол\Kotlin\ScalaBaz2\project
[debug] [Loading] Found non-root projects 
[debug] [Loading] Done in C:\Users\acer\OneDrive\Рабочий стол\Kotlin\ScalaBaz2\project, returning: ()
[debug] deducing auto plugins based on known facts Set(Atom(sbt.plugins.CorePlugin)) and clauses Clauses(Clause(Atom(sbt.plugins.JvmPlugin),Set(Atom(sbt.plugins.IvyPlugin)))
[debug] Clause(Atom(sbt.ScriptedPlugin),Set(Atom(sbt.plugins.JvmPlugin)))
[debug] Clause(Atom(sbt.plugins.SbtPlugin),Set(Atom(sbt.ScriptedPlugin)))
[debug] Clause(Atom(sbt.plugins.SemanticdbPlugin),Set(Atom(sbt.plugins.JvmPlugin)))
[debug] Clause(Atom(sbt.plugins.JUnitXmlReportPlugin),Set(Atom(sbt.plugins.JvmPlugin)))
[debug] Clause(Atom(sbt.plugins.MiniDependencyTreePlugin),Set(Atom(sbt.plugins.JvmPlugin)))
[debug] Clause(Atom(sbt.plugins.CorePlugin),Set(Atom(sbt.plugins.IvyPlugin)))
[debug] Clause(Atom(sbt.plugins.IvyPlugin),Set(Atom(sbt.plugins.JvmPlugin)))
[debug] Clause(Atom(sbt.plugins.JvmPlugin),Set(Atom(sbt.plugins.SemanticdbPlugin)))
[debug] Clause(Atom(sbt.plugins.JvmPlugin),Set(Atom(sbt.plugins.JUnitXmlReportPlugin)))
[debug] Clause(Atom(sbt.plugins.CorePlugin),Set(Atom(sbt.plugins.Giter8TemplatePlugin)))
[debug] Clause(Atom(sbt.plugins.JvmPlugin),Set(Atom(sbt.plugins.MiniDependencyTreePlugin))))
[debug]   :: deduced result: Matched(sbt.plugins.CorePlugin,sbt.plugins.Giter8TemplatePlugin,sbt.plugins.IvyPlugin,sbt.plugins.JvmPlugin,sbt.plugins.MiniDependencyTreePlugin,sbt.plugins.JUnitXmlReportPlugin,sbt.plugins.SemanticdbPlugin)
[debug] Plugins.deducer#function took 44.6114 ms
[debug]               Load.resolveProject(scalabaz2-build) took 147.2012ms
[debug]             Load.loadTransitive: finalizeProject(Project(id scalabaz2-build, base: C:\Users\acer\OneDrive\Рабочий стол\Kotlin\ScalaBaz2\project, plugins: List(<none>))) took 276.8091ms
[debug] [Loading] Done in C:\Users\acer\OneDrive\Рабочий стол\Kotlin\ScalaBaz2\project, returning: (scalabaz2-build)
[debug]           Load.loadUnit: loadedProjectsRaw took 342.1096ms
[debug]           Load.loadUnit: cleanEvalClasses took 0.6666ms
[debug]         Load.loadUnit(file:/C:/Users/acer/OneDrive/Рабочий%20стол/Kotlin/ScalaBaz2/project/, ...) took 527.9423ms
[debug]       Load.apply: load took 973.6125ms
[debug]       Load.apply: resolveProjects took 11.8379ms
[debug]       Load.apply: finalTransforms took 190.2548ms
[debug]       Load.apply: config.delegates took 12.0911ms
[debug]       Load.apply: Def.make(settings)... took 645.7283ms
[debug]       Load.apply: structureIndex took 181.0532ms
[debug]       Load.apply: mkStreams took 2.5107ms
[info] loading project definition from C:\Users\acer\OneDrive\Рабочий стол\Kotlin\ScalaBaz2\project
[debug] Running task... Cancel: Signal, check cycles: false, forcegc: true
[debug]     Load.loadUnit: plugins took 4852.0195ms
[debug]     Load.loadUnit: defsScala took 0.005ms
[debug] [Loading] Scanning directory C:\Users\acer\OneDrive\Рабочий стол\Kotlin\ScalaBaz2
[debug]       Load.loadUnit: mkEval took 6.9999ms
[debug] [Loading] Found root project root w/ remaining 
[debug] deducing auto plugins based on known facts Set(Atom(sbt.plugins.CorePlugin)) and clauses Clauses(Clause(Atom(sbt.plugins.JvmPlugin),Set(Atom(sbt.plugins.IvyPlugin)))
[debug] Clause(Atom(sbt.ScriptedPlugin),Set(Atom(sbt.plugins.JvmPlugin)))
[debug] Clause(Atom(sbt.plugins.SbtPlugin),Set(Atom(sbt.ScriptedPlugin)))
[debug] Clause(Atom(sbt.plugins.SemanticdbPlugin),Set(Atom(sbt.plugins.JvmPlugin)))
[debug] Clause(Atom(sbt.plugins.JUnitXmlReportPlugin),Set(Atom(sbt.plugins.JvmPlugin)))
[debug] Clause(Atom(sbt.plugins.MiniDependencyTreePlugin),Set(Atom(sbt.plugins.JvmPlugin)))
[debug] Clause(Atom(sbt.plugins.CorePlugin),Set(Atom(sbt.plugins.IvyPlugin)))
[debug] Clause(Atom(sbt.plugins.IvyPlugin),Set(Atom(sbt.plugins.JvmPlugin)))
[debug] Clause(Atom(sbt.plugins.JvmPlugin),Set(Atom(sbt.plugins.SemanticdbPlugin)))
[debug] Clause(Atom(sbt.plugins.JvmPlugin),Set(Atom(sbt.plugins.JUnitXmlReportPlugin)))
[debug] Clause(Atom(sbt.plugins.CorePlugin),Set(Atom(sbt.plugins.Giter8TemplatePlugin)))
[debug] Clause(Atom(sbt.plugins.JvmPlugin),Set(Atom(sbt.plugins.MiniDependencyTreePlugin))))
[debug]   :: deduced result: Matched(sbt.plugins.CorePlugin,sbt.plugins.Giter8TemplatePlugin,sbt.plugins.IvyPlugin,sbt.plugins.JvmPlugin,sbt.plugins.MiniDependencyTreePlugin,sbt.plugins.JUnitXmlReportPlugin,sbt.plugins.SemanticdbPlugin)
[debug] Plugins.deducer#function took 2.7226 ms
[info] loading settings for project root from build.sbt ...
[debug]         Load.resolveProject(root) took 4.6023ms
[debug]       Load.loadTransitive: finalizeProject(Project(id root, base: C:\Users\acer\OneDrive\Рабочий стол\Kotlin\ScalaBaz2, plugins: List(<none>))) took 9.1201ms
[debug] [Loading] Done in C:\Users\acer\OneDrive\Рабочий стол\Kotlin\ScalaBaz2, returning: (root)
[debug]     Load.loadUnit: loadedProjectsRaw took 4603.9611ms
[debug]     Load.loadUnit: cleanEvalClasses took 18.7952ms
[debug]   Load.loadUnit(file:/C:/Users/acer/OneDrive/Рабочий%20стол/Kotlin/ScalaBaz2/, ...) took 9478.8521ms
[debug] Load.apply: load took 9531.8429ms
[debug] Load.apply: resolveProjects took 0.3354ms
[debug] Load.apply: finalTransforms took 43.8597ms
[debug] Load.apply: config.delegates took 0.7405ms
[debug] Load.apply: Def.make(settings)... took 155.4165ms
[debug] Load.apply: structureIndex took 60.6912ms
[debug] Load.apply: mkStreams took 0.0034ms
[info] set current project to ScalaBaz2 (in build file:/C:/Users/acer/OneDrive/Рабочий%20стол/Kotlin/ScalaBaz2/)
[debug] > Exec(sbtPopOnFailure, None, None)
[debug] > Exec(resumeFromFailure, None, None)
[debug] > Exec(notifyUsersAboutShell, None, None)
[debug] > Exec(iflast shell, None, None)
[debug] > Exec(shell, None, None)
[info] sbt server started at local:sbt-server-2e41093339016a940611
[debug] Writing bsp connection file
[info] started sbt server
